<?xml version="1.0" encoding="UTF-8"?>
<!-- Generated by org.testng.reporters.JUnitXMLReporter -->
<testsuite hostname="DESKTOP-CKG50S0" ignored="1" name="flipkart_mobile_search" tests="3" failures="0" timestamp="21 Jul 2020 04:11:52 GMT" time="9.233" errors="0">
  <testcase name="flipkart" time="8.462" classname="testNGFramework.FlipkartSearch"/>
  <testcase name="loginlayer" time="0.226" classname="testNGFramework.FlipkartSearch"/>
  <testcase name="search" time="0.521" classname="testNGFramework.FlipkartSearch"/>
  <testcase name="theresults" time="0.0" classname="testNGFramework.FlipkartSearch">
    <ignored/>
  </testcase> <!-- theresults -->
</testsuite> <!-- flipkart_mobile_search -->
