<?xml version="1.0" encoding="UTF-8"?>
<!-- Generated by org.testng.reporters.JUnitXMLReporter -->
<testsuite hostname="DESKTOP-CKG50S0" ignored="0" name="FlipkartNewTab" tests="5" failures="0" timestamp="30 Jul 2020 08:46:05 GMT" time="12.229" errors="0">
  <testcase name="a_browseropening" time="7.77" classname="testNGFramework.FlipkartNewTab"/>
  <testcase name="b_closelogin" time="0.163" classname="testNGFramework.FlipkartNewTab"/>
  <testcase name="c_selectmen" time="0.223" classname="testNGFramework.FlipkartNewTab"/>
  <testcase name="d_casualshirts" time="1.338" classname="testNGFramework.FlipkartNewTab"/>
  <testcase name="e_addtocart" time="2.715" classname="testNGFramework.FlipkartNewTab"/>
</testsuite> <!-- FlipkartNewTab -->
