<?xml version="1.0" encoding="UTF-8"?>
<!-- Generated by org.testng.reporters.JUnitXMLReporter -->
<testsuite hostname="DESKTOP-CKG50S0" ignored="2" name="GroupingConcept" tests="2" failures="0" timestamp="23 Jul 2020 03:35:27 GMT" time="0.033" errors="0">
  <testcase name="f1" time="0.008" classname="testNGFramework.GroupingConcept"/>
  <testcase name="f2" time="0.002" classname="testNGFramework.GroupingConcept"/>
  <testcase name="f4" time="0.0" classname="testNGFramework.GroupingConcept">
    <ignored/>
  </testcase> <!-- f4 -->
  <testcase name="f3" time="0.0" classname="testNGFramework.GroupingConcept">
    <ignored/>
  </testcase> <!-- f3 -->
</testsuite> <!-- GroupingConcept -->
