<?xml version="1.0" encoding="UTF-8"?>
<!-- Generated by org.testng.reporters.JUnitXMLReporter -->
<testsuite hostname="DESKTOP-CKG50S0" ignored="0" name="JPetStore" tests="9" failures="0" timestamp="22 Jul 2020 03:27:30 GMT" time="15.039" errors="0">
  <testcase name="browseropening" time="7.536" classname="testNGFramework.JPetStore"/>
  <testcase name="signin" time="0.566" classname="testNGFramework.JPetStore"/>
  <testcase name="register" time="0.456" classname="testNGFramework.JPetStore"/>
  <testcase name="userinfo" time="0.504" classname="testNGFramework.JPetStore"/>
  <testcase name="accountinfo" time="0.779" classname="testNGFramework.JPetStore"/>
  <testcase name="profileinfo" time="0.771" classname="testNGFramework.JPetStore"/>
  <testcase name="signtoapp" time="1.598" classname="testNGFramework.JPetStore"/>
  <testcase name="searchdog" time="1.733" classname="testNGFramework.JPetStore"/>
  <testcase name="checkout" time="1.033" classname="testNGFramework.JPetStore"/>
</testsuite> <!-- JPetStore -->
