<?xml version="1.0" encoding="UTF-8"?>
<!-- Generated by org.testng.reporters.JUnitXMLReporter -->
<testsuite hostname="DESKTOP-CKG50S0" ignored="0" name="OrangeHRMAddUser" tests="4" failures="0" timestamp="25 Jul 2020 06:58:48 GMT" time="44.495" errors="0">
  <testcase name="a_BrowserOpening" time="10.506" classname="testNGFramework.OrangeHRMAddUser"/>
  <testcase name="b_clicklogin" time="4.662" classname="testNGFramework.OrangeHRMAddUser"/>
  <testcase name="c_selectpim" time="20.004" classname="testNGFramework.OrangeHRMAddUser"/>
  <testcase name="d_personaldetails" time="9.306" classname="testNGFramework.OrangeHRMAddUser"/>
</testsuite> <!-- OrangeHRMAddUser -->
