<?xml version="1.0" encoding="UTF-8"?>
<!-- Generated by org.testng.reporters.JUnitXMLReporter -->
<testsuite hostname="DESKTOP-CKG50S0" ignored="0" name="test1" tests="7" failures="0" timestamp="23 Jul 2020 04:09:42 GMT" time="42.739" errors="0">
  <testcase name="browseropening" time="9.033" classname="testNGFramework.Xcart"/>
  <testcase name="signup" time="0.316" classname="testNGFramework.Xcart"/>
  <testcase name="createaccount" time="8.983" classname="testNGFramework.Xcart"/>
  <testcase name="search" time="6.848" classname="testNGFramework.Xcart"/>
  <testcase name="cart" time="2.383" classname="testNGFramework.Xcart"/>
  <testcase name="checkout" time="11.592" classname="testNGFramework.Xcart"/>
  <testcase name="payment" time="3.551" classname="testNGFramework.Xcart"/>
</testsuite> <!-- test1 -->
