<?xml version="1.0" encoding="UTF-8"?>
<!-- Generated by org.testng.reporters.JUnitXMLReporter -->
<testsuite hostname="DESKTOP-CKG50S0" ignored="0" name="test2" tests="9" failures="0" timestamp="23 Jul 2020 04:09:54 GMT" time="12.113" errors="0">
  <testcase name="browseropening" time="6.635" classname="testNGFramework.JPetStore"/>
  <testcase name="signin" time="0.319" classname="testNGFramework.JPetStore"/>
  <testcase name="register" time="0.303" classname="testNGFramework.JPetStore"/>
  <testcase name="userinfo" time="0.328" classname="testNGFramework.JPetStore"/>
  <testcase name="accountinfo" time="0.395" classname="testNGFramework.JPetStore"/>
  <testcase name="profileinfo" time="0.678" classname="testNGFramework.JPetStore"/>
  <testcase name="signtoapp" time="1.17" classname="testNGFramework.JPetStore"/>
  <testcase name="searchdog" time="1.352" classname="testNGFramework.JPetStore"/>
  <testcase name="checkout" time="0.91" classname="testNGFramework.JPetStore"/>
</testsuite> <!-- test2 -->
