<?xml version="1.0" encoding="UTF-8"?>
<!-- Generated by org.testng.reporters.JUnitXMLReporter -->
<testsuite hostname="DESKTOP-CKG50S0" ignored="0" name="Xcart" tests="7" failures="0" timestamp="22 Jul 2020 12:54:29 GMT" time="44.952" errors="0">
  <testcase name="browseropening" time="9.596" classname="testNGFramework.Xcart"/>
  <testcase name="signup" time="0.29" classname="testNGFramework.Xcart"/>
  <testcase name="createaccount" time="9.095" classname="testNGFramework.Xcart"/>
  <testcase name="search" time="7.294" classname="testNGFramework.Xcart"/>
  <testcase name="cart" time="2.313" classname="testNGFramework.Xcart"/>
  <testcase name="checkout" time="12.346" classname="testNGFramework.Xcart"/>
  <testcase name="payment" time="3.973" classname="testNGFramework.Xcart"/>
</testsuite> <!-- Xcart -->
